# JRE version: OpenJDK Runtime Environment Temurin-17.0.12+7 (17.0.12+7) (build 17.0.12+7)
# Java VM: OpenJDK 64-Bit Server VM Temurin-17.0.12+7 (17.0.12+7, mixed mode, emulated-client, tiered, compressed oops, compressed class ptrs, g1 gc, windows-amd64)
GC Precious Log:
 CPUs: 12 total, 12 available
 Memory: 16099M
 Large Page Support: Disabled
 NUMA Support: Disabled
 Compressed Oops: Enabled (32-bit)
 Heap Region Size: 1M
 Heap Min Capacity: 8M
 Heap Initial Capacity: 252M
 Heap Max Capacity: 1G
 Pre-touch: Disabled
 Parallel Workers: 10
 Concurrent Workers: 3
 Concurrent Refinement Workers: 10
 Periodic GC: Disabled
Heap:
 garbage-first heap   total 137216K, used 42764K [0x00000000c0000000, 0x0000000100000000)
  region size 1024K, 1 young (1024K), 0 survivors (0K)
 Metaspace       used 62147K, committed 62656K, reserved 1114112K
  class space    used 7846K, committed 8064K, reserved 1048576K
GC Heap History (20 events):
Event: 12815.057 GC heap after
{Heap after GC invocations=1008 (full 957):
 garbage-first heap   total 137216K, used 42436K [0x00000000c0000000, 0x0000000100000000)
  region size 1024K, 0 young (0K), 0 survivors (0K)
 Metaspace       used 62147K, committed 62656K, reserved 1114112K
  class space    used 7846K, committed 8064K, reserved 1048576K
}
Event: 12825.160 GC heap before
{Heap before GC invocations=1008 (full 957):
 garbage-first heap   total 137216K, used 42436K [0x00000000c0000000, 0x0000000100000000)
  region size 1024K, 1 young (1024K), 0 survivors (0K)
 Metaspace       used 62147K, committed 62656K, reserved 1114112K
  class space    used 7846K, committed 8064K, reserved 1048576K
}
Event: 12825.181 GC heap after
{Heap after GC invocations=1009 (full 958):
 garbage-first heap   total 137216K, used 42436K [0x00000000c0000000, 0x0000000100000000)
  region size 1024K, 0 young (0K), 0 survivors (0K)
 Metaspace       used 62147K, committed 62656K, reserved 1114112K
  class space    used 7846K, committed 8064K, reserved 1048576K
}
Event: 12835.280 GC heap before
{Heap before GC invocations=1009 (full 958):
 garbage-first heap   total 137216K, used 42436K [0x00000000c0000000, 0x0000000100000000)
  region size 1024K, 1 young (1024K), 0 survivors (0K)
 Metaspace       used 62147K, committed 62656K, reserved 1114112K
  class space    used 7846K, committed 8064K, reserved 1048576K
}
Event: 12835.300 GC heap after
{Heap after GC invocations=1010 (full 959):
 garbage-first heap   total 137216K, used 42436K [0x00000000c0000000, 0x0000000100000000)
  region size 1024K, 0 young (0K), 0 survivors (0K)
 Metaspace       used 62147K, committed 62656K, reserved 1114112K
  class space    used 7846K, committed 8064K, reserved 1048576K
}
Event: 12915.456 GC heap before
{Heap before GC invocations=1010 (full 959):
 garbage-first heap   total 137216K, used 49604K [0x00000000c0000000, 0x0000000100000000)
  region size 1024K, 8 young (8192K), 0 survivors (0K)
 Metaspace       used 62147K, committed 62656K, reserved 1114112K
  class space    used 7846K, committed 8064K, reserved 1048576K
}
Event: 12915.475 GC heap after
{Heap after GC invocations=1011 (full 960):
 garbage-first heap   total 137216K, used 42624K [0x00000000c0000000, 0x0000000100000000)
  region size 1024K, 0 young (0K), 0 survivors (0K)
 Metaspace       used 62147K, committed 62656K, reserved 1114112K
  class space    used 7846K, committed 8064K, reserved 1048576K
}
Event: 12925.578 GC heap before
{Heap before GC invocations=1011 (full 960):
 garbage-first heap   total 137216K, used 42624K [0x00000000c0000000, 0x0000000100000000)
  region size 1024K, 1 young (1024K), 0 survivors (0K)
 Metaspace       used 62147K, committed 62656K, reserved 1114112K
  class space    used 7846K, committed 8064K, reserved 1048576K
}
Event: 12925.597 GC heap after
{Heap after GC invocations=1012 (full 961):
 garbage-first heap   total 137216K, used 42625K [0x00000000c0000000, 0x0000000100000000)
  region size 1024K, 0 young (0K), 0 survivors (0K)
 Metaspace       used 62147K, committed 62656K, reserved 1114112K
  class space    used 7846K, committed 8064K, reserved 1048576K
}
Event: 12935.691 GC heap before
{Heap before GC invocations=1012 (full 961):
 garbage-first heap   total 137216K, used 42625K [0x00000000c0000000, 0x0000000100000000)
  region size 1024K, 1 young (1024K), 0 survivors (0K)
 Metaspace       used 62147K, committed 62656K, reserved 1114112K
  class space    used 7846K, committed 8064K, reserved 1048576K
}
Event: 12935.710 GC heap after
{Heap after GC invocations=1013 (full 962):
 garbage-first heap   total 137216K, used 42625K [0x00000000c0000000, 0x0000000100000000)
  region size 1024K, 0 young (0K), 0 survivors (0K)
 Metaspace       used 62147K, committed 62656K, reserved 1114112K
  class space    used 7846K, committed 8064K, reserved 1048576K
}
Event: 12945.815 GC heap before
{Heap before GC invocations=1013 (full 962):
 garbage-first heap   total 137216K, used 42625K [0x00000000c0000000, 0x0000000100000000)
  region size 1024K, 1 young (1024K), 0 survivors (0K)
 Metaspace       used 62147K, committed 62656K, reserved 1114112K
  class space    used 7846K, committed 8064K, reserved 1048576K
}
Event: 12945.833 GC heap after
{Heap after GC invocations=1014 (full 963):
 garbage-first heap   total 137216K, used 42617K [0x00000000c0000000, 0x0000000100000000)
  region size 1024K, 0 young (0K), 0 survivors (0K)
 Metaspace       used 62147K, committed 62656K, reserved 1114112K
  class space    used 7846K, committed 8064K, reserved 1048576K
}
Event: 12955.952 GC heap before
{Heap before GC invocations=1014 (full 963):
 garbage-first heap   total 137216K, used 42617K [0x00000000c0000000, 0x0000000100000000)
  region size 1024K, 1 young (1024K), 0 survivors (0K)
 Metaspace       used 62147K, committed 62656K, reserved 1114112K
  class space    used 7846K, committed 8064K, reserved 1048576K
}
Event: 12955.971 GC heap after
{Heap after GC invocations=1015 (full 964):
 garbage-first heap   total 137216K, used 42617K [0x00000000c0000000, 0x0000000100000000)
  region size 1024K, 0 young (0K), 0 survivors (0K)
 Metaspace       used 62147K, committed 62656K, reserved 1114112K
  class space    used 7846K, committed 8064K, reserved 1048576K
}
Event: 12996.122 GC heap before
{Heap before GC invocations=1015 (full 964):
 garbage-first heap   total 137216K, used 50809K [0x00000000c0000000, 0x0000000100000000)
  region size 1024K, 9 young (9216K), 0 survivors (0K)
 Metaspace       used 62147K, committed 62656K, reserved 1114112K
  class space    used 7846K, committed 8064K, reserved 1048576K
}
Event: 12996.151 GC heap after
{Heap after GC invocations=1016 (full 965):
 garbage-first heap   total 137216K, used 42764K [0x00000000c0000000, 0x0000000100000000)
  region size 1024K, 0 young (0K), 0 survivors (0K)
 Metaspace       used 62147K, committed 62656K, reserved 1114112K
  class space    used 7846K, committed 8064K, reserved 1048576K
}
Event: 13006.251 GC heap before
{Heap before GC invocations=1016 (full 965):
 garbage-first heap   total 137216K, used 42764K [0x00000000c0000000, 0x0000000100000000)
  region size 1024K, 1 young (1024K), 0 survivors (0K)
 Metaspace       used 62147K, committed 62656K, reserved 1114112K
  class space    used 7846K, committed 8064K, reserved 1048576K
}
Event: 13006.268 GC heap after
{Heap after GC invocations=1017 (full 966):
 garbage-first heap   total 137216K, used 42764K [0x00000000c0000000, 0x0000000100000000)
  region size 1024K, 0 young (0K), 0 survivors (0K)
 Metaspace       used 62147K, committed 62656K, reserved 1114112K
  class space    used 7846K, committed 8064K, reserved 1048576K
}
Event: 13016.307 GC heap before
{Heap before GC invocations=1017 (full 966):
 garbage-first heap   total 137216K, used 42764K [0x00000000c0000000, 0x0000000100000000)
  region size 1024K, 1 young (1024K), 0 survivors (0K)
 Metaspace       used 62147K, committed 62656K, reserved 1114112K
  class space    used 7846K, committed 8064K, reserved 1048576K
}

