# JRE version: OpenJDK Runtime Environment Temurin-17.0.12+7 (17.0.12+7) (build 17.0.12+7)
# Java VM: OpenJDK 64-Bit Server VM Temurin-17.0.12+7 (17.0.12+7, mixed mode, tiered, compressed oops, compressed class ptrs, parallel gc, windows-amd64)
GC Precious Log:
 CPUs: 12 total, 12 available
 Memory: 16099M
 Large Page Support: Disabled
 NUMA Support: Disabled
 Compressed Oops: Enabled (32-bit)
 Alignments: Space 512K, Generation 512K, Heap 2M
 Heap Min Capacity: 100M
 Heap Initial Capacity: 100M
 Heap Max Capacity: 1G
 Pre-touch: Disabled
 Parallel Workers: 10
Heap:
 PSYoungGen      total 20480K, used 17313K [0x00000000eab00000, 0x00000000ec280000, 0x0000000100000000)
  eden space 18432K, 84% used [0x00000000eab00000,0x00000000eba48590,0x00000000ebd00000)
  from space 2048K, 81% used [0x00000000ebe00000,0x00000000ebfa0000,0x00000000ec000000)
  to   space 2560K, 0% used [0x00000000ec000000,0x00000000ec000000,0x00000000ec280000)
 ParOldGen       total 92672K, used 86176K [0x00000000c0000000, 0x00000000c5a80000, 0x00000000eab00000)
  object space 92672K, 92% used [0x00000000c0000000,0x00000000c54283c8,0x00000000c5a80000)
 Metaspace       used 72755K, committed 73984K, reserved 1114112K
  class space    used 8309K, committed 8832K, reserved 1048576K
GC Heap History (20 events):
Event: 13.841 GC heap before
{Heap before GC invocations=49 (full 4):
 PSYoungGen      total 22528K, used 18944K [0x00000000eab00000, 0x00000000ec480000, 0x0000000100000000)
  eden space 18944K, 100% used [0x00000000eab00000,0x00000000ebd80000,0x00000000ebd80000)
  from space 3584K, 0% used [0x00000000ebd80000,0x00000000ebd80000,0x00000000ec100000)
  to   space 3584K, 0% used [0x00000000ec100000,0x00000000ec100000,0x00000000ec480000)
 ParOldGen       total 92672K, used 64584K [0x00000000c0000000, 0x00000000c5a80000, 0x00000000eab00000)
  object space 92672K, 69% used [0x00000000c0000000,0x00000000c3f121b8,0x00000000c5a80000)
 Metaspace       used 70145K, committed 71360K, reserved 1114112K
  class space    used 8078K, committed 8640K, reserved 1048576K
}
Event: 13.842 GC heap after
{Heap after GC invocations=49 (full 4):
 PSYoungGen      total 22016K, used 3555K [0x00000000eab00000, 0x00000000ec580000, 0x0000000100000000)
  eden space 18432K, 0% used [0x00000000eab00000,0x00000000eab00000,0x00000000ebd00000)
  from space 3584K, 99% used [0x00000000ec100000,0x00000000ec478eb0,0x00000000ec480000)
  to   space 4096K, 0% used [0x00000000ebd00000,0x00000000ebd00000,0x00000000ec100000)
 ParOldGen       total 92672K, used 64909K [0x00000000c0000000, 0x00000000c5a80000, 0x00000000eab00000)
  object space 92672K, 70% used [0x00000000c0000000,0x00000000c3f63478,0x00000000c5a80000)
 Metaspace       used 70145K, committed 71360K, reserved 1114112K
  class space    used 8078K, committed 8640K, reserved 1048576K
}
Event: 13.874 GC heap before
{Heap before GC invocations=50 (full 4):
 PSYoungGen      total 22016K, used 21987K [0x00000000eab00000, 0x00000000ec580000, 0x0000000100000000)
  eden space 18432K, 100% used [0x00000000eab00000,0x00000000ebd00000,0x00000000ebd00000)
  from space 3584K, 99% used [0x00000000ec100000,0x00000000ec478eb0,0x00000000ec480000)
  to   space 4096K, 0% used [0x00000000ebd00000,0x00000000ebd00000,0x00000000ec100000)
 ParOldGen       total 92672K, used 64909K [0x00000000c0000000, 0x00000000c5a80000, 0x00000000eab00000)
  object space 92672K, 70% used [0x00000000c0000000,0x00000000c3f63478,0x00000000c5a80000)
 Metaspace       used 70384K, committed 71552K, reserved 1114112K
  class space    used 8114K, committed 8640K, reserved 1048576K
}
Event: 13.876 GC heap after
{Heap after GC invocations=50 (full 4):
 PSYoungGen      total 20992K, used 2400K [0x00000000eab00000, 0x00000000ec300000, 0x0000000100000000)
  eden space 18432K, 0% used [0x00000000eab00000,0x00000000eab00000,0x00000000ebd00000)
  from space 2560K, 93% used [0x00000000ebd00000,0x00000000ebf58000,0x00000000ebf80000)
  to   space 3072K, 0% used [0x00000000ec000000,0x00000000ec000000,0x00000000ec300000)
 ParOldGen       total 92672K, used 68403K [0x00000000c0000000, 0x00000000c5a80000, 0x00000000eab00000)
  object space 92672K, 73% used [0x00000000c0000000,0x00000000c42ccf98,0x00000000c5a80000)
 Metaspace       used 70384K, committed 71552K, reserved 1114112K
  class space    used 8114K, committed 8640K, reserved 1048576K
}
Event: 13.909 GC heap before
{Heap before GC invocations=51 (full 4):
 PSYoungGen      total 20992K, used 20832K [0x00000000eab00000, 0x00000000ec300000, 0x0000000100000000)
  eden space 18432K, 100% used [0x00000000eab00000,0x00000000ebd00000,0x00000000ebd00000)
  from space 2560K, 93% used [0x00000000ebd00000,0x00000000ebf58000,0x00000000ebf80000)
  to   space 3072K, 0% used [0x00000000ec000000,0x00000000ec000000,0x00000000ec300000)
 ParOldGen       total 92672K, used 68403K [0x00000000c0000000, 0x00000000c5a80000, 0x00000000eab00000)
  object space 92672K, 73% used [0x00000000c0000000,0x00000000c42ccf98,0x00000000c5a80000)
 Metaspace       used 70517K, committed 71744K, reserved 1114112K
  class space    used 8138K, committed 8704K, reserved 1048576K
}
Event: 13.911 GC heap after
{Heap after GC invocations=51 (full 4):
 PSYoungGen      total 20992K, used 2496K [0x00000000eab00000, 0x00000000ec280000, 0x0000000100000000)
  eden space 18432K, 0% used [0x00000000eab00000,0x00000000eab00000,0x00000000ebd00000)
  from space 2560K, 97% used [0x00000000ec000000,0x00000000ec270000,0x00000000ec280000)
  to   space 2560K, 0% used [0x00000000ebd00000,0x00000000ebd00000,0x00000000ebf80000)
 ParOldGen       total 92672K, used 70547K [0x00000000c0000000, 0x00000000c5a80000, 0x00000000eab00000)
  object space 92672K, 76% used [0x00000000c0000000,0x00000000c44e4f98,0x00000000c5a80000)
 Metaspace       used 70517K, committed 71744K, reserved 1114112K
  class space    used 8138K, committed 8704K, reserved 1048576K
}
Event: 13.942 GC heap before
{Heap before GC invocations=52 (full 4):
 PSYoungGen      total 20992K, used 20928K [0x00000000eab00000, 0x00000000ec280000, 0x0000000100000000)
  eden space 18432K, 100% used [0x00000000eab00000,0x00000000ebd00000,0x00000000ebd00000)
  from space 2560K, 97% used [0x00000000ec000000,0x00000000ec270000,0x00000000ec280000)
  to   space 2560K, 0% used [0x00000000ebd00000,0x00000000ebd00000,0x00000000ebf80000)
 ParOldGen       total 92672K, used 70547K [0x00000000c0000000, 0x00000000c5a80000, 0x00000000eab00000)
  object space 92672K, 76% used [0x00000000c0000000,0x00000000c44e4f98,0x00000000c5a80000)
 Metaspace       used 70766K, committed 72000K, reserved 1114112K
  class space    used 8159K, committed 8704K, reserved 1048576K
}
Event: 13.943 GC heap after
{Heap after GC invocations=52 (full 4):
 PSYoungGen      total 20992K, used 2476K [0x00000000eab00000, 0x00000000ec200000, 0x0000000100000000)
  eden space 18432K, 0% used [0x00000000eab00000,0x00000000eab00000,0x00000000ebd00000)
  from space 2560K, 96% used [0x00000000ebd00000,0x00000000ebf6b010,0x00000000ebf80000)
  to   space 2560K, 0% used [0x00000000ebf80000,0x00000000ebf80000,0x00000000ec200000)
 ParOldGen       total 92672K, used 72771K [0x00000000c0000000, 0x00000000c5a80000, 0x00000000eab00000)
  object space 92672K, 78% used [0x00000000c0000000,0x00000000c4710f98,0x00000000c5a80000)
 Metaspace       used 70766K, committed 72000K, reserved 1114112K
  class space    used 8159K, committed 8704K, reserved 1048576K
}
Event: 13.978 GC heap before
{Heap before GC invocations=53 (full 4):
 PSYoungGen      total 20992K, used 20908K [0x00000000eab00000, 0x00000000ec200000, 0x0000000100000000)
  eden space 18432K, 100% used [0x00000000eab00000,0x00000000ebd00000,0x00000000ebd00000)
  from space 2560K, 96% used [0x00000000ebd00000,0x00000000ebf6b010,0x00000000ebf80000)
  to   space 2560K, 0% used [0x00000000ebf80000,0x00000000ebf80000,0x00000000ec200000)
 ParOldGen       total 92672K, used 72771K [0x00000000c0000000, 0x00000000c5a80000, 0x00000000eab00000)
  object space 92672K, 78% used [0x00000000c0000000,0x00000000c4710f98,0x00000000c5a80000)
 Metaspace       used 71254K, committed 72512K, reserved 1114112K
  class space    used 8168K, committed 8704K, reserved 1048576K
}
Event: 13.979 GC heap after
{Heap after GC invocations=53 (full 4):
 PSYoungGen      total 20992K, used 2464K [0x00000000eab00000, 0x00000000ec200000, 0x0000000100000000)
  eden space 18432K, 0% used [0x00000000eab00000,0x00000000eab00000,0x00000000ebd00000)
  from space 2560K, 96% used [0x00000000ebf80000,0x00000000ec1e8000,0x00000000ec200000)
  to   space 2560K, 0% used [0x00000000ebd00000,0x00000000ebd00000,0x00000000ebf80000)
 ParOldGen       total 92672K, used 75047K [0x00000000c0000000, 0x00000000c5a80000, 0x00000000eab00000)
  object space 92672K, 80% used [0x00000000c0000000,0x00000000c4949fa8,0x00000000c5a80000)
 Metaspace       used 71254K, committed 72512K, reserved 1114112K
  class space    used 8168K, committed 8704K, reserved 1048576K
}
Event: 14.005 GC heap before
{Heap before GC invocations=54 (full 4):
 PSYoungGen      total 20992K, used 20896K [0x00000000eab00000, 0x00000000ec200000, 0x0000000100000000)
  eden space 18432K, 100% used [0x00000000eab00000,0x00000000ebd00000,0x00000000ebd00000)
  from space 2560K, 96% used [0x00000000ebf80000,0x00000000ec1e8000,0x00000000ec200000)
  to   space 2560K, 0% used [0x00000000ebd00000,0x00000000ebd00000,0x00000000ebf80000)
 ParOldGen       total 92672K, used 75047K [0x00000000c0000000, 0x00000000c5a80000, 0x00000000eab00000)
  object space 92672K, 80% used [0x00000000c0000000,0x00000000c4949fa8,0x00000000c5a80000)
 Metaspace       used 71296K, committed 72576K, reserved 1114112K
  class space    used 8172K, committed 8704K, reserved 1048576K
}
Event: 14.007 GC heap after
{Heap after GC invocations=54 (full 4):
 PSYoungGen      total 20992K, used 2400K [0x00000000eab00000, 0x00000000ec200000, 0x0000000100000000)
  eden space 18432K, 0% used [0x00000000eab00000,0x00000000eab00000,0x00000000ebd00000)
  from space 2560K, 93% used [0x00000000ebd00000,0x00000000ebf58000,0x00000000ebf80000)
  to   space 2560K, 0% used [0x00000000ebf80000,0x00000000ebf80000,0x00000000ec200000)
 ParOldGen       total 92672K, used 77252K [0x00000000c0000000, 0x00000000c5a80000, 0x00000000eab00000)
  object space 92672K, 83% used [0x00000000c0000000,0x00000000c4b710b0,0x00000000c5a80000)
 Metaspace       used 71296K, committed 72576K, reserved 1114112K
  class space    used 8172K, committed 8704K, reserved 1048576K
}
Event: 14.038 GC heap before
{Heap before GC invocations=55 (full 4):
 PSYoungGen      total 20992K, used 20832K [0x00000000eab00000, 0x00000000ec200000, 0x0000000100000000)
  eden space 18432K, 100% used [0x00000000eab00000,0x00000000ebd00000,0x00000000ebd00000)
  from space 2560K, 93% used [0x00000000ebd00000,0x00000000ebf58000,0x00000000ebf80000)
  to   space 2560K, 0% used [0x00000000ebf80000,0x00000000ebf80000,0x00000000ec200000)
 ParOldGen       total 92672K, used 77252K [0x00000000c0000000, 0x00000000c5a80000, 0x00000000eab00000)
  object space 92672K, 83% used [0x00000000c0000000,0x00000000c4b710b0,0x00000000c5a80000)
 Metaspace       used 71499K, committed 72768K, reserved 1114112K
  class space    used 8195K, committed 8768K, reserved 1048576K
}
Event: 14.040 GC heap after
{Heap after GC invocations=55 (full 4):
 PSYoungGen      total 20992K, used 2496K [0x00000000eab00000, 0x00000000ec200000, 0x0000000100000000)
  eden space 18432K, 0% used [0x00000000eab00000,0x00000000eab00000,0x00000000ebd00000)
  from space 2560K, 97% used [0x00000000ebf80000,0x00000000ec1f0010,0x00000000ec200000)
  to   space 2560K, 0% used [0x00000000ebd00000,0x00000000ebd00000,0x00000000ebf80000)
 ParOldGen       total 92672K, used 79396K [0x00000000c0000000, 0x00000000c5a80000, 0x00000000eab00000)
  object space 92672K, 85% used [0x00000000c0000000,0x00000000c4d89110,0x00000000c5a80000)
 Metaspace       used 71499K, committed 72768K, reserved 1114112K
  class space    used 8195K, committed 8768K, reserved 1048576K
}
Event: 14.072 GC heap before
{Heap before GC invocations=56 (full 4):
 PSYoungGen      total 20992K, used 20918K [0x00000000eab00000, 0x00000000ec200000, 0x0000000100000000)
  eden space 18432K, 99% used [0x00000000eab00000,0x00000000ebcfd9a8,0x00000000ebd00000)
  from space 2560K, 97% used [0x00000000ebf80000,0x00000000ec1f0010,0x00000000ec200000)
  to   space 2560K, 0% used [0x00000000ebd00000,0x00000000ebd00000,0x00000000ebf80000)
 ParOldGen       total 92672K, used 79396K [0x00000000c0000000, 0x00000000c5a80000, 0x00000000eab00000)
  object space 92672K, 85% used [0x00000000c0000000,0x00000000c4d89110,0x00000000c5a80000)
 Metaspace       used 71639K, committed 72896K, reserved 1114112K
  class space    used 8204K, committed 8768K, reserved 1048576K
}
Event: 14.074 GC heap after
{Heap after GC invocations=56 (full 4):
 PSYoungGen      total 20992K, used 2560K [0x00000000eab00000, 0x00000000ec700000, 0x0000000100000000)
  eden space 18432K, 0% used [0x00000000eab00000,0x00000000eab00000,0x00000000ebd00000)
  from space 2560K, 100% used [0x00000000ebd00000,0x00000000ebf80000,0x00000000ebf80000)
  to   space 5120K, 0% used [0x00000000ec200000,0x00000000ec200000,0x00000000ec700000)
 ParOldGen       total 92672K, used 81540K [0x00000000c0000000, 0x00000000c5a80000, 0x00000000eab00000)
  object space 92672K, 87% used [0x00000000c0000000,0x00000000c4fa1150,0x00000000c5a80000)
 Metaspace       used 71639K, committed 72896K, reserved 1114112K
  class space    used 8204K, committed 8768K, reserved 1048576K
}
Event: 14.119 GC heap before
{Heap before GC invocations=57 (full 4):
 PSYoungGen      total 20992K, used 20992K [0x00000000eab00000, 0x00000000ec700000, 0x0000000100000000)
  eden space 18432K, 100% used [0x00000000eab00000,0x00000000ebd00000,0x00000000ebd00000)
  from space 2560K, 100% used [0x00000000ebd00000,0x00000000ebf80000,0x00000000ebf80000)
  to   space 5120K, 0% used [0x00000000ec200000,0x00000000ec200000,0x00000000ec700000)
 ParOldGen       total 92672K, used 81540K [0x00000000c0000000, 0x00000000c5a80000, 0x00000000eab00000)
  object space 92672K, 87% used [0x00000000c0000000,0x00000000c4fa1150,0x00000000c5a80000)
 Metaspace       used 71966K, committed 73216K, reserved 1114112K
  class space    used 8228K, committed 8768K, reserved 1048576K
}
Event: 14.121 GC heap after
{Heap after GC invocations=57 (full 4):
 PSYoungGen      total 21504K, used 2843K [0x00000000eab00000, 0x00000000ec500000, 0x0000000100000000)
  eden space 18432K, 0% used [0x00000000eab00000,0x00000000eab00000,0x00000000ebd00000)
  from space 3072K, 92% used [0x00000000ec200000,0x00000000ec4c6cc0,0x00000000ec500000)
  to   space 3584K, 0% used [0x00000000ebe00000,0x00000000ebe00000,0x00000000ec180000)
 ParOldGen       total 92672K, used 83940K [0x00000000c0000000, 0x00000000c5a80000, 0x00000000eab00000)
  object space 92672K, 90% used [0x00000000c0000000,0x00000000c51f9150,0x00000000c5a80000)
 Metaspace       used 71966K, committed 73216K, reserved 1114112K
  class space    used 8228K, committed 8768K, reserved 1048576K
}
Event: 14.180 GC heap before
{Heap before GC invocations=58 (full 4):
 PSYoungGen      total 21504K, used 21275K [0x00000000eab00000, 0x00000000ec500000, 0x0000000100000000)
  eden space 18432K, 100% used [0x00000000eab00000,0x00000000ebd00000,0x00000000ebd00000)
  from space 3072K, 92% used [0x00000000ec200000,0x00000000ec4c6cc0,0x00000000ec500000)
  to   space 3584K, 0% used [0x00000000ebe00000,0x00000000ebe00000,0x00000000ec180000)
 ParOldGen       total 92672K, used 83940K [0x00000000c0000000, 0x00000000c5a80000, 0x00000000eab00000)
  object space 92672K, 90% used [0x00000000c0000000,0x00000000c51f9150,0x00000000c5a80000)
 Metaspace       used 72649K, committed 73856K, reserved 1114112K
  class space    used 8296K, committed 8832K, reserved 1048576K
}
Event: 14.183 GC heap after
{Heap after GC invocations=58 (full 4):
 PSYoungGen      total 20480K, used 1664K [0x00000000eab00000, 0x00000000ec280000, 0x0000000100000000)
  eden space 18432K, 0% used [0x00000000eab00000,0x00000000eab00000,0x00000000ebd00000)
  from space 2048K, 81% used [0x00000000ebe00000,0x00000000ebfa0000,0x00000000ec000000)
  to   space 2560K, 0% used [0x00000000ec000000,0x00000000ec000000,0x00000000ec280000)
 ParOldGen       total 92672K, used 86176K [0x00000000c0000000, 0x00000000c5a80000, 0x00000000eab00000)
  object space 92672K, 92% used [0x00000000c0000000,0x00000000c54283c8,0x00000000c5a80000)
 Metaspace       used 72649K, committed 73856K, reserved 1114112K
  class space    used 8296K, committed 8832K, reserved 1048576K
}

